2024-09-17 18:09:29,505 INFO o.a.j.u.JMeterUtils: Setting Locale to en_GB
2024-09-17 18:09:29,531 INFO o.a.j.JMeter: Loading user properties from: user.properties
2024-09-17 18:09:29,533 INFO o.a.j.JMeter: Loading system properties from: system.properties
2024-09-17 18:09:29,534 INFO o.a.j.JMeter: Loading additional properties from: C:\Users\Chandrima\OneDrive\Desktop\apache-jmeter-5.6.3\apache-jmeter-5.6.3\bin\user.properties
2024-09-17 18:09:29,542 INFO o.a.j.JMeter: Copyright (c) 1998-2024 The Apache Software Foundation
2024-09-17 18:09:29,543 INFO o.a.j.JMeter: Version 5.6.3
2024-09-17 18:09:29,543 INFO o.a.j.JMeter: java.version=21.0.3
2024-09-17 18:09:29,543 INFO o.a.j.JMeter: java.vm.name=Java HotSpot(TM) 64-Bit Server VM
2024-09-17 18:09:29,543 INFO o.a.j.JMeter: os.name=Windows 11
2024-09-17 18:09:29,543 INFO o.a.j.JMeter: os.arch=amd64
2024-09-17 18:09:29,543 INFO o.a.j.JMeter: os.version=10.0
2024-09-17 18:09:29,544 INFO o.a.j.JMeter: file.encoding=UTF-8
2024-09-17 18:09:29,544 INFO o.a.j.JMeter: java.awt.headless=true
2024-09-17 18:09:29,544 INFO o.a.j.JMeter: Max memory     =2055208960
2024-09-17 18:09:29,544 INFO o.a.j.JMeter: Available Processors =4
2024-09-17 18:09:29,560 INFO o.a.j.JMeter: Default Locale=English (United Kingdom)
2024-09-17 18:09:29,562 INFO o.a.j.JMeter: JMeter  Locale=English (United Kingdom)
2024-09-17 18:09:29,562 INFO o.a.j.JMeter: JMeterHome=C:\Users\Chandrima\OneDrive\Desktop\apache-jmeter-5.6.3\apache-jmeter-5.6.3
2024-09-17 18:09:29,562 INFO o.a.j.JMeter: user.dir  =C:\Users\Chandrima\OneDrive\Desktop\apache-jmeter-5.6.3\apache-jmeter-5.6.3\bin
2024-09-17 18:09:29,562 INFO o.a.j.JMeter: PWD       =C:\Users\Chandrima\OneDrive\Desktop\apache-jmeter-5.6.3\apache-jmeter-5.6.3\bin
2024-09-17 18:09:29,563 INFO o.a.j.JMeter: IP: 192.168.0.191 Name: LAPTOP-FL7DK08P FullName: host.docker.internal
2024-09-17 18:09:29,582 INFO o.a.j.JMeter: Setting property 'jmeter.reportgenerator.outputdir' to:'C:\Users\Chandrima\OneDrive\Desktop\jmeter_files\New Folder'
2024-09-17 18:09:29,586 INFO o.a.j.r.d.ReportGenerator: ReportGenerator will use for Parsing the separator: ','
2024-09-17 18:09:29,586 INFO o.a.j.r.d.ReportGenerator: Will only generate report from results file: C:\Users\Chandrima\OneDrive\Desktop\jmeter_files\result.csv
2024-09-17 18:09:29,586 INFO o.a.j.r.d.ReportGenerator: Reading report generator properties from: C:\Users\Chandrima\OneDrive\Desktop\apache-jmeter-5.6.3\apache-jmeter-5.6.3\bin\reportgenerator.properties
2024-09-17 18:09:29,589 INFO o.a.j.r.d.ReportGenerator: Merging with JMeter properties
2024-09-17 18:09:29,594 INFO o.a.j.r.c.ReportGeneratorConfiguration: Property 'jmeter.reportgenerator.temp_dir' not found, using default value 'temp' instead.
2024-09-17 18:09:29,598 INFO o.a.j.r.c.ReportGeneratorConfiguration: Property 'jmeter.reportgenerator.apdex_per_transaction' not found, using default value 'null' instead.
2024-09-17 18:09:29,610 INFO o.a.j.r.c.ReportGeneratorConfiguration: apdex_per_transaction is empty, not APDEX per transaction customization
2024-09-17 18:09:29,610 INFO o.a.j.r.c.ReportGeneratorConfiguration: Property 'jmeter.reportgenerator.sample_filter' not found, using default value 'null' instead.
2024-09-17 18:09:29,610 INFO o.a.j.r.c.ReportGeneratorConfiguration: Property 'jmeter.reportgenerator.report_title' not found, using default value 'null' instead.
2024-09-17 18:09:29,610 INFO o.a.j.r.c.ReportGeneratorConfiguration: Property 'jmeter.reportgenerator.start_date' not found, using default value 'null' instead.
2024-09-17 18:09:29,610 INFO o.a.j.r.c.ReportGeneratorConfiguration: Property 'jmeter.reportgenerator.end_date' not found, using default value 'null' instead.
2024-09-17 18:09:29,610 INFO o.a.j.r.c.ReportGeneratorConfiguration: Property 'jmeter.reportgenerator.date_format' not found, using default value 'null' instead.
2024-09-17 18:09:29,614 INFO o.a.j.r.c.ReportGeneratorConfiguration: Will use date range start date: null, end date: null
2024-09-17 18:09:29,619 INFO o.a.j.r.c.ReportGeneratorConfiguration: Property 'jmeter.reportgenerator.graph.totalTPS.exclude_controllers' not found, using default value 'false' instead.
2024-09-17 18:09:29,620 INFO o.a.j.r.c.ReportGeneratorConfiguration: Property 'jmeter.reportgenerator.graph.activeThreadsOverTime.exclude_controllers' not found, using default value 'false' instead.
2024-09-17 18:09:29,620 INFO o.a.j.r.c.ReportGeneratorConfiguration: Property 'jmeter.reportgenerator.graph.timeVsThreads.exclude_controllers' not found, using default value 'false' instead.
2024-09-17 18:09:29,620 INFO o.a.j.r.c.ReportGeneratorConfiguration: Property 'jmeter.reportgenerator.graph.responseTimeDistribution.exclude_controllers' not found, using default value 'false' instead.
2024-09-17 18:09:29,620 INFO o.a.j.r.c.ReportGeneratorConfiguration: Property 'jmeter.reportgenerator.graph.transactionsPerSecond.exclude_controllers' not found, using default value 'false' instead.
2024-09-17 18:09:29,621 INFO o.a.j.r.c.ReportGeneratorConfiguration: Property 'jmeter.reportgenerator.graph.responseTimePercentiles.exclude_controllers' not found, using default value 'false' instead.
2024-09-17 18:09:29,621 INFO o.a.j.r.c.ReportGeneratorConfiguration: Property 'jmeter.reportgenerator.graph.responseTimePercentilesOverTime.exclude_controllers' not found, using default value 'false' instead.
2024-09-17 18:09:29,621 INFO o.a.j.r.c.ReportGeneratorConfiguration: Property 'jmeter.reportgenerator.graph.responseTimesOverTime.exclude_controllers' not found, using default value 'false' instead.
2024-09-17 18:09:29,621 INFO o.a.j.r.c.ReportGeneratorConfiguration: Property 'jmeter.reportgenerator.graph.connectTimeOverTime.exclude_controllers' not found, using default value 'false' instead.
2024-09-17 18:09:29,621 INFO o.a.j.r.c.ReportGeneratorConfiguration: Property 'jmeter.reportgenerator.graph.latenciesOverTime.exclude_controllers' not found, using default value 'false' instead.
2024-09-17 18:09:29,622 INFO o.a.j.r.c.ReportGeneratorConfiguration: Property 'jmeter.reportgenerator.exporter.json.filters_only_sample_series' not found, using default value 'true' instead.
2024-09-17 18:09:29,622 INFO o.a.j.r.c.ReportGeneratorConfiguration: Property 'jmeter.reportgenerator.exporter.json.series_filter' not found, using default value '' instead.
2024-09-17 18:09:29,622 INFO o.a.j.r.c.ReportGeneratorConfiguration: Property 'jmeter.reportgenerator.exporter.json.show_controllers_only' not found, using default value 'false' instead.
2024-09-17 18:09:29,622 INFO o.a.j.r.c.ReportGeneratorConfiguration: Property 'jmeter.reportgenerator.exporter.html.filters_only_sample_series' not found, using default value 'true' instead.
2024-09-17 18:09:29,623 INFO o.a.j.r.c.ReportGeneratorConfiguration: Property 'jmeter.reportgenerator.exporter.html.series_filter' not found, using default value '' instead.
2024-09-17 18:09:29,623 INFO o.a.j.r.c.ReportGeneratorConfiguration: Property 'jmeter.reportgenerator.exporter.html.show_controllers_only' not found, using default value 'false' instead.
2024-09-17 18:09:29,966 INFO o.a.j.s.SaveService: Testplan (JMX) version: 2.2. Testlog (JTL) version: 2.2
2024-09-17 18:09:30,010 INFO o.a.j.s.SaveService: Using SaveService properties version 5.0
2024-09-17 18:09:30,014 INFO o.a.j.s.SaveService: Using SaveService properties file encoding UTF-8
2024-09-17 18:09:30,033 WARN o.a.j.s.CSVSaveService: Unknown column name 
2024-09-17 18:09:30,040 WARN o.a.j.r.c.CsvSampleReader: File 'C:\Users\Chandrima\OneDrive\Desktop\jmeter_files\result.csv' does not contain the field names header, ensure the jmeter.save.saveservice.* properties are the same as when the CSV file was created or the file may be read incorrectly when generating report
2024-09-17 18:09:30,042 WARN o.a.j.r.c.CsvSampleReader: Short CSV read around line 2 of file 'C:\Users\Chandrima\OneDrive\Desktop\jmeter_files\result.csv'. Could only read 1 elements of 17 expected. Data is []
2024-09-17 18:09:30,042 ERROR o.a.j.JMeter: An error occurred: 
org.apache.jmeter.report.core.SampleException: Mismatch between expected number of columns:17 and columns in CSV file:1, check your jmeter.save.saveservice.* configuration or check if line 2 in 'C:\Users\Chandrima\OneDrive\Desktop\jmeter_files\result.csv' is complete
	at org.apache.jmeter.report.core.CsvSampleReader.assertCorrectColumns(CsvSampleReader.java:201) ~[ApacheJMeter_core.jar:5.6.3]
	at org.apache.jmeter.report.core.CsvSampleReader.nextSample(CsvSampleReader.java:185) ~[ApacheJMeter_core.jar:5.6.3]
	at org.apache.jmeter.report.core.CsvSampleReader.<init>(CsvSampleReader.java:135) ~[ApacheJMeter_core.jar:5.6.3]
	at org.apache.jmeter.report.core.CsvSampleReader.<init>(CsvSampleReader.java:87) ~[ApacheJMeter_core.jar:5.6.3]
	at org.apache.jmeter.report.processor.CsvFileSampleSource.<init>(CsvFileSampleSource.java:112) ~[ApacheJMeter_core.jar:5.6.3]
	at org.apache.jmeter.report.dashboard.ReportGenerator.generate(ReportGenerator.java:210) ~[ApacheJMeter_core.jar:5.6.3]
	at org.apache.jmeter.JMeter.start(JMeter.java:485) [ApacheJMeter_core.jar:5.6.3]
	at java.base/jdk.internal.reflect.DirectMethodHandleAccessor.invoke(DirectMethodHandleAccessor.java:103) ~[?:?]
	at java.base/java.lang.reflect.Method.invoke(Method.java:580) ~[?:?]
	at org.apache.jmeter.NewDriver.main(NewDriver.java:259) [ApacheJMeter.jar:5.6.3]
