2024-09-17 18:16:25,797 INFO o.a.j.u.JMeterUtils: Setting Locale to en_EN
2024-09-17 18:16:25,825 INFO o.a.j.JMeter: Loading user properties from: user.properties
2024-09-17 18:16:25,826 INFO o.a.j.JMeter: Loading system properties from: system.properties
2024-09-17 18:16:25,837 INFO o.a.j.JMeter: Copyright (c) 1998-2024 The Apache Software Foundation
2024-09-17 18:16:25,837 INFO o.a.j.JMeter: Version 5.6.3
2024-09-17 18:16:25,837 INFO o.a.j.JMeter: java.version=21.0.3
2024-09-17 18:16:25,837 INFO o.a.j.JMeter: java.vm.name=Java HotSpot(TM) 64-Bit Server VM
2024-09-17 18:16:25,837 INFO o.a.j.JMeter: os.name=Windows 11
2024-09-17 18:16:25,837 INFO o.a.j.JMeter: os.arch=amd64
2024-09-17 18:16:25,837 INFO o.a.j.JMeter: os.version=10.0
2024-09-17 18:16:25,837 INFO o.a.j.JMeter: file.encoding=UTF-8
2024-09-17 18:16:25,838 INFO o.a.j.JMeter: java.awt.headless=true
2024-09-17 18:16:25,838 INFO o.a.j.JMeter: Max memory     =1073741824
2024-09-17 18:16:25,838 INFO o.a.j.JMeter: Available Processors =4
2024-09-17 18:16:25,851 INFO o.a.j.JMeter: Default Locale=English (EN)
2024-09-17 18:16:25,851 INFO o.a.j.JMeter: JMeter  Locale=English (EN)
2024-09-17 18:16:25,851 INFO o.a.j.JMeter: JMeterHome=C:\Users\Chandrima\OneDrive\Desktop\apache-jmeter-5.6.3\apache-jmeter-5.6.3
2024-09-17 18:16:25,851 INFO o.a.j.JMeter: user.dir  =C:\Users\Chandrima\OneDrive\Desktop\apache-jmeter-5.6.3\apache-jmeter-5.6.3\bin
2024-09-17 18:16:25,852 INFO o.a.j.JMeter: PWD       =C:\Users\Chandrima\OneDrive\Desktop\apache-jmeter-5.6.3\apache-jmeter-5.6.3\bin
2024-09-17 18:16:25,853 INFO o.a.j.JMeter: IP: 192.168.0.191 Name: LAPTOP-FL7DK08P FullName: host.docker.internal
2024-09-17 18:16:25,865 INFO o.a.j.JMeter: Setting property 'jmeter.reportgenerator.outputdir' to:'C:\Users\Chandrima\OneDrive\Desktop\jmeter_files\PIT'
2024-09-17 18:16:25,867 INFO o.a.j.s.FileServer: Default base='C:\Users\Chandrima\OneDrive\Desktop\apache-jmeter-5.6.3\apache-jmeter-5.6.3\bin'
2024-09-17 18:16:25,868 INFO o.a.j.s.FileServer: Set new base='C:\Users\Chandrima\OneDrive\Desktop\jmeter_files'
2024-09-17 18:16:26,111 INFO o.a.j.s.SaveService: Testplan (JMX) version: 2.2. Testlog (JTL) version: 2.2
2024-09-17 18:16:26,148 INFO o.a.j.s.SaveService: Using SaveService properties version 5.0
2024-09-17 18:16:26,152 INFO o.a.j.s.SaveService: Using SaveService properties file encoding UTF-8
2024-09-17 18:16:26,156 INFO o.a.j.s.SaveService: Loading file: C:\Users\Chandrima\OneDrive\Desktop\jmeter_files\report.jmx
2024-09-17 18:16:26,220 INFO o.a.j.p.h.s.HTTPSamplerBase: Parser for text/html is org.apache.jmeter.protocol.http.parser.LagartoBasedHtmlParser
2024-09-17 18:16:26,220 INFO o.a.j.p.h.s.HTTPSamplerBase: Parser for application/xhtml+xml is org.apache.jmeter.protocol.http.parser.LagartoBasedHtmlParser
2024-09-17 18:16:26,220 INFO o.a.j.p.h.s.HTTPSamplerBase: Parser for application/xml is org.apache.jmeter.protocol.http.parser.LagartoBasedHtmlParser
2024-09-17 18:16:26,220 INFO o.a.j.p.h.s.HTTPSamplerBase: Parser for text/xml is org.apache.jmeter.protocol.http.parser.LagartoBasedHtmlParser
2024-09-17 18:16:26,220 INFO o.a.j.p.h.s.HTTPSamplerBase: Parser for text/vnd.wap.wml is org.apache.jmeter.protocol.http.parser.RegexpHTMLParser
2024-09-17 18:16:26,220 INFO o.a.j.p.h.s.HTTPSamplerBase: Parser for text/css is org.apache.jmeter.protocol.http.parser.CssParser
2024-09-17 18:16:26,249 INFO o.a.j.JMeter: Creating summariser <summary>
2024-09-17 18:16:26,253 INFO o.a.j.r.d.ReportGenerator: ReportGenerator will use for Parsing the separator: ','
2024-09-17 18:16:26,253 INFO o.a.j.r.d.ReportGenerator: Will generate report at end of test from  results file: C:\Users\Chandrima\OneDrive\Desktop\jmeter_files\storypount.csv
2024-09-17 18:16:26,254 INFO o.a.j.r.d.ReportGenerator: Reading report generator properties from: C:\Users\Chandrima\OneDrive\Desktop\apache-jmeter-5.6.3\apache-jmeter-5.6.3\bin\reportgenerator.properties
2024-09-17 18:16:26,256 INFO o.a.j.r.d.ReportGenerator: Merging with JMeter properties
2024-09-17 18:16:26,260 INFO o.a.j.r.c.ReportGeneratorConfiguration: Property 'jmeter.reportgenerator.temp_dir' not found, using default value 'temp' instead.
2024-09-17 18:16:26,263 INFO o.a.j.r.c.ReportGeneratorConfiguration: Property 'jmeter.reportgenerator.apdex_per_transaction' not found, using default value 'null' instead.
2024-09-17 18:16:26,263 INFO o.a.j.r.c.ReportGeneratorConfiguration: apdex_per_transaction is empty, not APDEX per transaction customization
2024-09-17 18:16:26,264 INFO o.a.j.r.c.ReportGeneratorConfiguration: Property 'jmeter.reportgenerator.sample_filter' not found, using default value 'null' instead.
2024-09-17 18:16:26,264 INFO o.a.j.r.c.ReportGeneratorConfiguration: Property 'jmeter.reportgenerator.report_title' not found, using default value 'null' instead.
2024-09-17 18:16:26,264 INFO o.a.j.r.c.ReportGeneratorConfiguration: Property 'jmeter.reportgenerator.start_date' not found, using default value 'null' instead.
2024-09-17 18:16:26,264 INFO o.a.j.r.c.ReportGeneratorConfiguration: Property 'jmeter.reportgenerator.end_date' not found, using default value 'null' instead.
2024-09-17 18:16:26,264 INFO o.a.j.r.c.ReportGeneratorConfiguration: Property 'jmeter.reportgenerator.date_format' not found, using default value 'null' instead.
2024-09-17 18:16:26,265 INFO o.a.j.r.c.ReportGeneratorConfiguration: Will use date range start date: null, end date: null
2024-09-17 18:16:26,269 INFO o.a.j.r.c.ReportGeneratorConfiguration: Property 'jmeter.reportgenerator.graph.totalTPS.exclude_controllers' not found, using default value 'false' instead.
2024-09-17 18:16:26,270 INFO o.a.j.r.c.ReportGeneratorConfiguration: Property 'jmeter.reportgenerator.graph.activeThreadsOverTime.exclude_controllers' not found, using default value 'false' instead.
2024-09-17 18:16:26,270 INFO o.a.j.r.c.ReportGeneratorConfiguration: Property 'jmeter.reportgenerator.graph.timeVsThreads.exclude_controllers' not found, using default value 'false' instead.
2024-09-17 18:16:26,270 INFO o.a.j.r.c.ReportGeneratorConfiguration: Property 'jmeter.reportgenerator.graph.responseTimeDistribution.exclude_controllers' not found, using default value 'false' instead.
2024-09-17 18:16:26,270 INFO o.a.j.r.c.ReportGeneratorConfiguration: Property 'jmeter.reportgenerator.graph.transactionsPerSecond.exclude_controllers' not found, using default value 'false' instead.
2024-09-17 18:16:26,271 INFO o.a.j.r.c.ReportGeneratorConfiguration: Property 'jmeter.reportgenerator.graph.responseTimePercentiles.exclude_controllers' not found, using default value 'false' instead.
2024-09-17 18:16:26,271 INFO o.a.j.r.c.ReportGeneratorConfiguration: Property 'jmeter.reportgenerator.graph.responseTimePercentilesOverTime.exclude_controllers' not found, using default value 'false' instead.
2024-09-17 18:16:26,271 INFO o.a.j.r.c.ReportGeneratorConfiguration: Property 'jmeter.reportgenerator.graph.responseTimesOverTime.exclude_controllers' not found, using default value 'false' instead.
2024-09-17 18:16:26,271 INFO o.a.j.r.c.ReportGeneratorConfiguration: Property 'jmeter.reportgenerator.graph.connectTimeOverTime.exclude_controllers' not found, using default value 'false' instead.
2024-09-17 18:16:26,271 INFO o.a.j.r.c.ReportGeneratorConfiguration: Property 'jmeter.reportgenerator.graph.latenciesOverTime.exclude_controllers' not found, using default value 'false' instead.
2024-09-17 18:16:26,272 INFO o.a.j.r.c.ReportGeneratorConfiguration: Property 'jmeter.reportgenerator.exporter.json.filters_only_sample_series' not found, using default value 'true' instead.
2024-09-17 18:16:26,272 INFO o.a.j.r.c.ReportGeneratorConfiguration: Property 'jmeter.reportgenerator.exporter.json.series_filter' not found, using default value '' instead.
2024-09-17 18:16:26,272 INFO o.a.j.r.c.ReportGeneratorConfiguration: Property 'jmeter.reportgenerator.exporter.json.show_controllers_only' not found, using default value 'false' instead.
2024-09-17 18:16:26,273 INFO o.a.j.r.c.ReportGeneratorConfiguration: Property 'jmeter.reportgenerator.exporter.html.filters_only_sample_series' not found, using default value 'true' instead.
2024-09-17 18:16:26,273 INFO o.a.j.r.c.ReportGeneratorConfiguration: Property 'jmeter.reportgenerator.exporter.html.series_filter' not found, using default value '' instead.
2024-09-17 18:16:26,273 INFO o.a.j.r.c.ReportGeneratorConfiguration: Property 'jmeter.reportgenerator.exporter.html.show_controllers_only' not found, using default value 'false' instead.
2024-09-17 18:16:26,292 INFO o.a.j.e.StandardJMeterEngine: Running the test!
2024-09-17 18:16:26,293 INFO o.a.j.s.SampleEvent: List of sample_variables: []
2024-09-17 18:16:26,293 INFO o.a.j.s.SampleEvent: List of sample_variables: []
2024-09-17 18:16:26,299 INFO o.a.j.e.u.CompoundVariable: Note: Function class names must contain the string: '.functions.'
2024-09-17 18:16:26,299 INFO o.a.j.e.u.CompoundVariable: Note: Function class names must not contain the string: '.gui.'
2024-09-17 18:16:26,403 INFO o.a.j.r.ClassFinder: Will scan jar C:\Users\Chandrima\OneDrive\Desktop\apache-jmeter-5.6.3\apache-jmeter-5.6.3\lib\ext\jmeter-plugins-manager-1.10.jar with filter ExtendsClassFilter [parents=[interface org.apache.jmeter.functions.Function], inner=false, contains=null, notContains=null]. Consider exposing JMeter plugins via META-INF/services, and add JMeter-Skip-Class-Scanning=true manifest attribute so JMeter can skip classfile scanning
2024-09-17 18:16:26,537 INFO o.a.j.r.ClassFinder: Will scan jar C:\Users\Chandrima\OneDrive\Desktop\apache-jmeter-5.6.3\apache-jmeter-5.6.3\lib\ext\jmeter-plugins-casutg-2.10.jar with filter ExtendsClassFilter [parents=[interface org.apache.jmeter.functions.Function], inner=false, contains=null, notContains=null]. Consider exposing JMeter plugins via META-INF/services, and add JMeter-Skip-Class-Scanning=true manifest attribute so JMeter can skip classfile scanning
2024-09-17 18:16:26,564 INFO o.a.j.JMeter: Running test (1726577186564)
2024-09-17 18:16:26,587 INFO o.a.j.e.StandardJMeterEngine: Starting ThreadGroup: 1 : Thread Group
2024-09-17 18:16:26,587 INFO o.a.j.e.StandardJMeterEngine: Starting 1 threads for group Thread Group.
2024-09-17 18:16:26,587 INFO o.a.j.e.StandardJMeterEngine: Thread will continue on error
2024-09-17 18:16:26,587 INFO o.a.j.t.ThreadGroup: Starting thread group... number=1 threads=1 ramp-up=1 delayedStart=false
2024-09-17 18:16:26,591 INFO o.a.j.t.ThreadGroup: Started thread group number 1
2024-09-17 18:16:26,591 INFO o.a.j.e.StandardJMeterEngine: All thread groups have been started
2024-09-17 18:16:26,595 INFO o.a.j.t.JMeterThread: Thread started: Thread Group 1-1
2024-09-17 18:16:26,620 INFO o.a.j.p.h.s.HTTPHCAbstractImpl: Local host = LAPTOP-FL7DK08P
2024-09-17 18:16:26,625 INFO o.a.j.p.h.s.HTTPHC4Impl: HTTP request retry count = 0
2024-09-17 18:16:26,627 INFO o.a.j.s.SampleResult: Note: Sample TimeStamps are START times
2024-09-17 18:16:26,627 INFO o.a.j.s.SampleResult: sampleresult.default.encoding is set to UTF-8
2024-09-17 18:16:26,627 INFO o.a.j.s.SampleResult: sampleresult.useNanoTime=true
2024-09-17 18:16:26,627 INFO o.a.j.s.SampleResult: sampleresult.nanoThreadSleep=5000
2024-09-17 18:16:26,805 INFO o.a.j.p.h.s.h.LazyLayeredConnectionSocketFactory: Setting up HTTPS TrustAll Socket Factory
2024-09-17 18:16:26,815 INFO o.a.j.u.JsseSSLManager: Using default SSL protocol: TLS
2024-09-17 18:16:26,815 INFO o.a.j.u.JsseSSLManager: SSL session context: per-thread
2024-09-17 18:16:27,038 INFO o.a.j.u.SSLManager: JmeterKeyStore Location:  type JKS
2024-09-17 18:16:27,044 INFO o.a.j.u.SSLManager: KeyStore created OK
2024-09-17 18:16:27,044 WARN o.a.j.u.SSLManager: Keystore file not found, loading empty keystore
2024-09-17 18:16:29,098 INFO o.a.j.t.JMeterThread: Thread is done: Thread Group 1-1
2024-09-17 18:16:29,098 INFO o.a.j.t.JMeterThread: Thread finished: Thread Group 1-1
2024-09-17 18:16:29,101 INFO o.a.j.e.StandardJMeterEngine: Notifying test listeners of end of test
2024-09-17 18:16:29,104 INFO o.a.j.r.Summariser: summary =      3 in 00:00:03 =    1.2/s Avg:   792 Min:   444 Max:  1481 Err:     0 (0.00%)
2024-09-17 18:16:29,104 INFO o.a.j.JMeter: Generating Dashboard
2024-09-17 18:16:29,105 INFO o.a.j.r.d.ReportGenerator: Flushing result collector before report Generation
2024-09-17 18:16:29,125 INFO o.a.j.r.p.NormalizerSampleConsumer: Using format, 'ms', to parse timeStamp field
2024-09-17 18:16:29,210 INFO o.a.j.r.p.AbstractSampleConsumer: class org.apache.jmeter.report.processor.AggregateConsumer#stopProducing(): beginDate produced 0 samples
2024-09-17 18:16:29,211 INFO o.a.j.r.p.AbstractSampleConsumer: class org.apache.jmeter.report.processor.AggregateConsumer#stopProducing(): endDate produced 0 samples
2024-09-17 18:16:29,214 INFO o.a.j.r.p.AbstractSampleConsumer: class org.apache.jmeter.report.processor.ApdexSummaryConsumer#stopProducing(): apdexSummary produced 0 samples
2024-09-17 18:16:29,214 INFO o.a.j.r.p.AbstractSampleConsumer: class org.apache.jmeter.report.processor.RequestsSummaryConsumer#stopProducing(): requestsSummary produced 0 samples
2024-09-17 18:16:29,223 INFO o.a.j.r.p.AbstractSampleConsumer: class org.apache.jmeter.report.processor.StatisticsSummaryConsumer#stopProducing(): statisticsSummary produced 0 samples
2024-09-17 18:16:29,226 INFO o.a.j.r.p.AbstractSampleConsumer: class org.apache.jmeter.report.processor.Top5ErrorsBySamplerConsumer#stopProducing(): top5ErrorsBySampler produced 0 samples
2024-09-17 18:16:29,226 INFO o.a.j.r.p.AbstractSampleConsumer: class org.apache.jmeter.report.processor.ErrorsSummaryConsumer#stopProducing(): errorsSummary produced 0 samples
2024-09-17 18:16:29,226 INFO o.a.j.r.p.AbstractSampleConsumer: class org.apache.jmeter.report.processor.graph.impl.HitsPerSecondGraphConsumer#stopProducing(): hitsPerSecond produced 0 samples
2024-09-17 18:16:29,246 INFO o.a.j.r.p.AbstractSampleConsumer: class org.apache.jmeter.report.processor.graph.impl.LatencyVSRequestGraphConsumer#stopProducing(): latencyVsRequest produced 0 samples
2024-09-17 18:16:29,247 INFO o.a.j.r.p.AbstractSampleConsumer: class org.apache.jmeter.report.processor.graph.impl.SyntheticResponseTimeDistributionGraphConsumer#stopProducing(): syntheticResponseTimeDistribution produced 0 samples
2024-09-17 18:16:29,247 INFO o.a.j.r.p.AbstractSampleConsumer: class org.apache.jmeter.report.processor.graph.impl.BytesThroughputGraphConsumer#stopProducing(): bytesThroughputOverTime produced 0 samples
2024-09-17 18:16:29,247 INFO o.a.j.r.p.AbstractSampleConsumer: class org.apache.jmeter.report.processor.graph.impl.CodesPerSecondGraphConsumer#stopProducing(): codesPerSecond produced 0 samples
2024-09-17 18:16:29,251 INFO o.a.j.r.p.AbstractSampleConsumer: class org.apache.jmeter.report.processor.graph.impl.ResponseTimeVSRequestGraphConsumer#stopProducing(): responseTimeVsRequest produced 0 samples
2024-09-17 18:16:29,252 INFO o.a.j.r.p.AbstractSampleConsumer: class org.apache.jmeter.report.processor.FilterConsumer#stopProducing(): startIntervalControlerFilter produced 21 samples
2024-09-17 18:16:29,252 INFO o.a.j.r.p.AbstractSampleConsumer: class org.apache.jmeter.report.processor.graph.impl.TotalTPSGraphConsumer#stopProducing(): totalTPS produced 0 samples
2024-09-17 18:16:29,252 INFO o.a.j.r.p.AbstractSampleConsumer: class org.apache.jmeter.report.processor.graph.impl.ActiveThreadsGraphConsumer#stopProducing(): activeThreadsOverTime produced 0 samples
2024-09-17 18:16:29,252 INFO o.a.j.r.p.AbstractSampleConsumer: class org.apache.jmeter.report.processor.graph.impl.TimeVSThreadGraphConsumer#stopProducing(): timeVsThreads produced 0 samples
2024-09-17 18:16:29,252 INFO o.a.j.r.p.AbstractSampleConsumer: class org.apache.jmeter.report.processor.graph.impl.ResponseTimeDistributionGraphConsumer#stopProducing(): responseTimeDistribution produced 0 samples
2024-09-17 18:16:29,253 INFO o.a.j.r.p.AbstractSampleConsumer: class org.apache.jmeter.report.processor.graph.impl.TransactionsPerSecondGraphConsumer#stopProducing(): transactionsPerSecond produced 0 samples
2024-09-17 18:16:29,253 INFO o.a.j.r.p.AbstractSampleConsumer: class org.apache.jmeter.report.processor.graph.impl.ResponseTimePercentilesGraphConsumer#stopProducing(): responseTimePercentiles produced 0 samples
2024-09-17 18:16:29,253 INFO o.a.j.r.p.AbstractSampleConsumer: class org.apache.jmeter.report.processor.graph.impl.ResponseTimePercentilesOverTimeGraphConsumer#stopProducing(): responseTimePercentilesOverTime produced 0 samples
2024-09-17 18:16:29,254 INFO o.a.j.r.p.AbstractSampleConsumer: class org.apache.jmeter.report.processor.graph.impl.ResponseTimeOverTimeGraphConsumer#stopProducing(): responseTimesOverTime produced 0 samples
2024-09-17 18:16:29,254 INFO o.a.j.r.p.AbstractSampleConsumer: class org.apache.jmeter.report.processor.graph.impl.ConnectTimeOverTimeGraphConsumer#stopProducing(): connectTimeOverTime produced 0 samples
2024-09-17 18:16:29,254 INFO o.a.j.r.p.AbstractSampleConsumer: class org.apache.jmeter.report.processor.graph.impl.LatencyOverTimeGraphConsumer#stopProducing(): latenciesOverTime produced 0 samples
2024-09-17 18:16:29,254 INFO o.a.j.r.p.AbstractSampleConsumer: class org.apache.jmeter.report.processor.FilterConsumer#stopProducing(): nameFilter produced 45 samples
2024-09-17 18:16:29,254 INFO o.a.j.r.p.AbstractSampleConsumer: class org.apache.jmeter.report.processor.FilterConsumer#stopProducing(): dateRangeFilter produced 9 samples
2024-09-17 18:16:29,254 INFO o.a.j.r.p.AbstractSampleConsumer: class org.apache.jmeter.report.processor.NormalizerSampleConsumer#stopProducing(): normalizer produced 3 samples
2024-09-17 18:16:29,254 INFO o.a.j.r.p.CsvFileSampleSource: produce(): 3 samples produced in 89ms on channel 0
2024-09-17 18:16:29,255 INFO o.a.j.r.d.ReportGenerator: Exporting data using exporter:'json' of className:'org.apache.jmeter.report.dashboard.JsonExporter'
2024-09-17 18:16:29,338 INFO o.a.j.r.d.JsonExporter: Found data for consumer statisticsSummary in context
2024-09-17 18:16:29,338 INFO o.a.j.r.d.JsonExporter: Creating statistics for overall
2024-09-17 18:16:29,339 INFO o.a.j.r.d.JsonExporter: Creating statistics for other transactions
2024-09-17 18:16:29,339 INFO o.a.j.r.d.JsonExporter: Checking output folder
2024-09-17 18:16:29,340 INFO o.a.j.r.d.JsonExporter: Writing statistics JSON to C:\Users\Chandrima\OneDrive\Desktop\jmeter_files\PIT\statistics.json
2024-09-17 18:16:29,382 INFO o.a.j.r.d.ReportGenerator: Exporting data using exporter:'html' of className:'org.apache.jmeter.report.dashboard.HtmlTemplateExporter'
2024-09-17 18:16:29,385 INFO o.a.j.r.d.HtmlTemplateExporter: Will generate dashboard in folder: C:\Users\Chandrima\OneDrive\Desktop\jmeter_files\PIT
2024-09-17 18:16:29,511 INFO o.a.j.r.d.HtmlTemplateExporter: Report will be generated in: C:\Users\Chandrima\OneDrive\Desktop\jmeter_files\PIT, creating folder structure
2024-09-17 18:16:29,516 INFO o.a.j.r.d.TemplateVisitor: Copying folder from 'C:\Users\Chandrima\OneDrive\Desktop\apache-jmeter-5.6.3\apache-jmeter-5.6.3\bin\report-template' to 'C:\Users\Chandrima\OneDrive\Desktop\jmeter_files\PIT', got message: C:\Users\Chandrima\OneDrive\Desktop\jmeter_files\PIT, found non empty folder with following content [C:\Users\Chandrima\OneDrive\Desktop\jmeter_files\PIT\statistics.json], will be ignored
2024-09-17 18:16:30,465 INFO o.a.j.JMeter: Dashboard generated
